+++ dirname -- /mnt/Phocis/User/Hot/stable-diffusion-webui/webui.sh
++ cd -- /mnt/Phocis/User/Hot/stable-diffusion-webui
++ pwd
+ SCRIPT_DIR=/mnt/Phocis/User/Hot/stable-diffusion-webui
+ [[ linux-gnu == \d\a\r\w\i\n* ]]
+ [[ -f /mnt/Phocis/User/Hot/stable-diffusion-webui/webui-user.sh ]]
+ source /mnt/Phocis/User/Hot/stable-diffusion-webui/webui-user.sh
++ export python_cmd=/home/ethan-harrington/miniconda3/envs/genai/bin/python
++ python_cmd=/home/ethan-harrington/miniconda3/envs/genai/bin/python
++ export venv_dir=-
++ venv_dir=-
++ export 'COMMANDLINE_ARGS=--ckpt-dir /mnt/Phocis/User/Delphi/models/checkpoints --lora-dir /mnt/Phocis/User/Delphi/models/loras --hypernetwork-dir /mnt/Phocis/User/Delphi/models/hypernetworks --embeddings-dir /mnt/Phocis/User/Delphi/models/embeddings --data-dir /mnt/Phocis/User/Delphi'
++ COMMANDLINE_ARGS='--ckpt-dir /mnt/Phocis/User/Delphi/models/checkpoints --lora-dir /mnt/Phocis/User/Delphi/models/loras --hypernetwork-dir /mnt/Phocis/User/Delphi/models/hypernetworks --embeddings-dir /mnt/Phocis/User/Delphi/models/embeddings --data-dir /mnt/Phocis/User/Delphi'
+ use_venv=1
+ [[ - == \- ]]
+ use_venv=0
+ [[ -z '' ]]
+ install_dir=/mnt/Phocis/User/Hot/stable-diffusion-webui
+ [[ -z '' ]]
+ clone_dir=stable-diffusion-webui
+ [[ -z /home/ethan-harrington/miniconda3/envs/genai/bin/python ]]
++ command -v /home/ethan-harrington/miniconda3/envs/genai/bin/python
+ [[ ! -x /home/ethan-harrington/miniconda3/envs/genai/bin/python ]]
+ [[ -z '' ]]
+ export GIT=git
+ GIT=git
+ [[ -z - ]]
+ [[ -z '' ]]
+ LAUNCH_SCRIPT=launch.py
+ can_run_as_root=0
+ getopts f flag
+ export ERROR_REPORTING=FALSE
+ ERROR_REPORTING=FALSE
+ export PIP_IGNORE_INSTALLED=0
+ PIP_IGNORE_INSTALLED=0
+ delimiter='################################################################'
+ printf '\n%s\n' '################################################################'

################################################################
+ printf '\e[1m\e[32mInstall script for stable-diffusion + Web UI\n'
[1m[32mInstall script for stable-diffusion + Web UI
+ printf '\e[1m\e[34mTested on Debian 11 (Bullseye), Fedora 34+ and openSUSE Leap 15.4 or newer.\e[0m'
[1m[34mTested on Debian 11 (Bullseye), Fedora 34+ and openSUSE Leap 15.4 or newer.[0m+ printf '\n%s\n' '################################################################'

################################################################
++ id -u
+ [[ 1000 -eq 0 ]]
+ printf '\n%s\n' '################################################################'

################################################################
++ whoami
